Determining if the pthread_create exist failed with the following output:
Change Dir: /home/kw-cobot/slam_kw_ws/build/CMakeFiles/CMakeTmp

Run Build Command:"/usr/bin/make" "cmTC_c1e7b/fast"
/usr/bin/make -f CMakeFiles/cmTC_c1e7b.dir/build.make CMakeFiles/cmTC_c1e7b.dir/build
make[1]: Entering directory '/home/kw-cobot/slam_kw_ws/build/CMakeFiles/CMakeTmp'
Building C object CMakeFiles/cmTC_c1e7b.dir/CheckSymbolExists.c.o
/usr/bin/cc    -o CMakeFiles/cmTC_c1e7b.dir/CheckSymbolExists.c.o   -c /home/kw-cobot/slam_kw_ws/build/CMakeFiles/CMakeTmp/CheckSymbolExists.c
Linking C executable cmTC_c1e7b
/usr/bin/cmake -E cmake_link_script CMakeFiles/cmTC_c1e7b.dir/link.txt --verbose=1
/usr/bin/cc      -rdynamic CMakeFiles/cmTC_c1e7b.dir/CheckSymbolExists.c.o  -o cmTC_c1e7b 
CMakeFiles/cmTC_c1e7b.dir/CheckSymbolExists.c.o: In function `main':
CheckSymbolExists.c:(.text+0x1b): undefined reference to `pthread_create'
collect2: error: ld returned 1 exit status
CMakeFiles/cmTC_c1e7b.dir/build.make:97: recipe for target 'cmTC_c1e7b' failed
make[1]: *** [cmTC_c1e7b] Error 1
make[1]: Leaving directory '/home/kw-cobot/slam_kw_ws/build/CMakeFiles/CMakeTmp'
Makefile:126: recipe for target 'cmTC_c1e7b/fast' failed
make: *** [cmTC_c1e7b/fast] Error 2

File /home/kw-cobot/slam_kw_ws/build/CMakeFiles/CMakeTmp/CheckSymbolExists.c:
/* */
#include <pthread.h>

int main(int argc, char** argv)
{
  (void)argv;
#ifndef pthread_create
  return ((int*)(&pthread_create))[argc];
#else
  (void)argc;
  return 0;
#endif
}

Determining if the function pthread_create exists in the pthreads failed with the following output:
Change Dir: /home/kw-cobot/slam_kw_ws/build/CMakeFiles/CMakeTmp

Run Build Command:"/usr/bin/make" "cmTC_fc08c/fast"
/usr/bin/make -f CMakeFiles/cmTC_fc08c.dir/build.make CMakeFiles/cmTC_fc08c.dir/build
make[1]: Entering directory '/home/kw-cobot/slam_kw_ws/build/CMakeFiles/CMakeTmp'
Building C object CMakeFiles/cmTC_fc08c.dir/CheckFunctionExists.c.o
/usr/bin/cc   -DCHECK_FUNCTION_EXISTS=pthread_create   -o CMakeFiles/cmTC_fc08c.dir/CheckFunctionExists.c.o   -c /usr/share/cmake-3.10/Modules/CheckFunctionExists.c
Linking C executable cmTC_fc08c
/usr/bin/cmake -E cmake_link_script CMakeFiles/cmTC_fc08c.dir/link.txt --verbose=1
/usr/bin/cc  -DCHECK_FUNCTION_EXISTS=pthread_create    -rdynamic CMakeFiles/cmTC_fc08c.dir/CheckFunctionExists.c.o  -o cmTC_fc08c -lpthreads 
/usr/bin/ld: cannot find -lpthreads
collect2: error: ld returned 1 exit status
CMakeFiles/cmTC_fc08c.dir/build.make:97: recipe for target 'cmTC_fc08c' failed
make[1]: *** [cmTC_fc08c] Error 1
make[1]: Leaving directory '/home/kw-cobot/slam_kw_ws/build/CMakeFiles/CMakeTmp'
Makefile:126: recipe for target 'cmTC_fc08c/fast' failed
make: *** [cmTC_fc08c/fast] Error 2


Determining if the include file pgm.h exists failed with the following output:
Change Dir: /home/kw-cobot/slam_kw_ws/build/CMakeFiles/CMakeTmp

Run Build Command:"/usr/bin/make" "cmTC_f8962/fast"
/usr/bin/make -f CMakeFiles/cmTC_f8962.dir/build.make CMakeFiles/cmTC_f8962.dir/build
make[1]: Entering directory '/home/kw-cobot/slam_kw_ws/build/CMakeFiles/CMakeTmp'
Building CXX object CMakeFiles/cmTC_f8962.dir/CheckIncludeFile.cxx.o
/usr/bin/c++     -o CMakeFiles/cmTC_f8962.dir/CheckIncludeFile.cxx.o -c /home/kw-cobot/slam_kw_ws/build/CMakeFiles/CMakeTmp/CheckIncludeFile.cxx
/home/kw-cobot/slam_kw_ws/build/CMakeFiles/CMakeTmp/CheckIncludeFile.cxx:1:10: fatal error: pgm.h: No such file or directory
 #include <pgm.h>
          ^~~~~~~
compilation terminated.
CMakeFiles/cmTC_f8962.dir/build.make:65: recipe for target 'CMakeFiles/cmTC_f8962.dir/CheckIncludeFile.cxx.o' failed
make[1]: *** [CMakeFiles/cmTC_f8962.dir/CheckIncludeFile.cxx.o] Error 1
make[1]: Leaving directory '/home/kw-cobot/slam_kw_ws/build/CMakeFiles/CMakeTmp'
Makefile:126: recipe for target 'cmTC_f8962/fast' failed
make: *** [cmTC_f8962/fast] Error 2


